[INFO  - 2019-10-26T10:33:02.499Z] GhostDriver - Main - running on port 54270
[INFO  - 2019-10-26T10:33:02.976Z] Session [fd379e90-f7db-11e9-8f12-614f28821c0c] - page.settings - {"XSSAuditingEnabled":false,"javascriptCanCloseWindows":true,"javascriptCanOpenWindows":true,"javascriptEnabled":true,"loadImages":true,"localToRemoteUrlAccessEnabled":false,"userAgent":"Mozilla/5.0 (Macintosh; Intel Mac OS X) AppleWebKit/538.1 (KHTML, like Gecko) PhantomJS/2.1.1 Safari/538.1","webSecurityEnabled":true}
[INFO  - 2019-10-26T10:33:02.976Z] Session [fd379e90-f7db-11e9-8f12-614f28821c0c] - page.customHeaders:  - {}
[INFO  - 2019-10-26T10:33:02.976Z] Session [fd379e90-f7db-11e9-8f12-614f28821c0c] - Session.negotiatedCapabilities - {"browserName":"phantomjs","version":"2.1.1","driverName":"ghostdriver","driverVersion":"1.2.0","platform":"mac-unknown-64bit","javascriptEnabled":true,"takesScreenshot":true,"handlesAlerts":false,"databaseEnabled":false,"locationContextEnabled":false,"applicationCacheEnabled":false,"browserConnectionEnabled":false,"cssSelectorsEnabled":true,"webStorageEnabled":false,"rotatable":false,"acceptSslCerts":false,"nativeEvents":true,"proxy":{"proxyType":"direct"}}
[INFO  - 2019-10-26T10:33:02.976Z] SessionManagerReqHand - _postNewSessionCommand - New Session Created: fd379e90-f7db-11e9-8f12-614f28821c0c
[ERROR - 2019-10-26T10:33:04.948Z] Session [fd379e90-f7db-11e9-8f12-614f28821c0c] - page.onError - msg: TypeError: undefined is not a constructor (evaluating 'links.append(span)')

  phantomjs://platform/console++.js:263 in error
[ERROR - 2019-10-26T10:33:04.948Z] Session [fd379e90-f7db-11e9-8f12-614f28821c0c] - page.onError - stack:
  global code (https://music.163.com/discover/playlist/?order=hot&cat=%E5%85%A8%E9%83%A8&limit=35&offset=0:1114)

  phantomjs://platform/console++.js:263 in error
[ERROR - 2019-10-26T10:33:06.364Z] Session [fd379e90-f7db-11e9-8f12-614f28821c0c] - page.onError - msg: ReferenceError: Can't find variable: Set

  phantomjs://platform/console++.js:263 in error
[ERROR - 2019-10-26T10:33:06.364Z] Session [fd379e90-f7db-11e9-8f12-614f28821c0c] - page.onError - stack:
  (anonymous function) (https://s5.music.126.net/static_public/5c51482cf8a93b7fc8cf42cb/0.6.0-beta1/vipcashier.umd.js:32)
  t (https://s5.music.126.net/static_public/5c51482cf8a93b7fc8cf42cb/0.6.0-beta1/vipcashier.umd.js:1)
  (anonymous function) (https://s5.music.126.net/static_public/5c51482cf8a93b7fc8cf42cb/0.6.0-beta1/vipcashier.umd.js:1)
  t (https://s5.music.126.net/static_public/5c51482cf8a93b7fc8cf42cb/0.6.0-beta1/vipcashier.umd.js:1)
  (anonymous function) (https://s5.music.126.net/static_public/5c51482cf8a93b7fc8cf42cb/0.6.0-beta1/vipcashier.umd.js:16)
  t (https://s5.music.126.net/static_public/5c51482cf8a93b7fc8cf42cb/0.6.0-beta1/vipcashier.umd.js:1)
  (anonymous function) (https://s5.music.126.net/static_public/5c51482cf8a93b7fc8cf42cb/0.6.0-beta1/vipcashier.umd.js:1)
  (anonymous function) (https://s5.music.126.net/static_public/5c51482cf8a93b7fc8cf42cb/0.6.0-beta1/vipcashier.umd.js:1)
  (anonymous function) (https://s5.music.126.net/static_public/5c51482cf8a93b7fc8cf42cb/0.6.0-beta1/vipcashier.umd.js:1)

  phantomjs://platform/console++.js:263 in error
[ERROR - 2019-10-26T10:33:06.379Z] Session [fd379e90-f7db-11e9-8f12-614f28821c0c] - page.onError - msg: ReferenceError: Can't find variable: Set

  phantomjs://platform/console++.js:263 in error
[ERROR - 2019-10-26T10:33:06.379Z] Session [fd379e90-f7db-11e9-8f12-614f28821c0c] - page.onError - stack:
  (anonymous function) (https://s5.music.126.net/static_public/5c51482cf8a93b7fc8cf42cb/0.6.0-beta1/vipcashier.umd.js:32)
  t (https://s5.music.126.net/static_public/5c51482cf8a93b7fc8cf42cb/0.6.0-beta1/vipcashier.umd.js:1)
  (anonymous function) (https://s5.music.126.net/static_public/5c51482cf8a93b7fc8cf42cb/0.6.0-beta1/vipcashier.umd.js:1)
  t (https://s5.music.126.net/static_public/5c51482cf8a93b7fc8cf42cb/0.6.0-beta1/vipcashier.umd.js:1)
  (anonymous function) (https://s5.music.126.net/static_public/5c51482cf8a93b7fc8cf42cb/0.6.0-beta1/vipcashier.umd.js:16)
  t (https://s5.music.126.net/static_public/5c51482cf8a93b7fc8cf42cb/0.6.0-beta1/vipcashier.umd.js:1)
  (anonymous function) (https://s5.music.126.net/static_public/5c51482cf8a93b7fc8cf42cb/0.6.0-beta1/vipcashier.umd.js:1)
  (anonymous function) (https://s5.music.126.net/static_public/5c51482cf8a93b7fc8cf42cb/0.6.0-beta1/vipcashier.umd.js:1)
  (anonymous function) (https://s5.music.126.net/static_public/5c51482cf8a93b7fc8cf42cb/0.6.0-beta1/vipcashier.umd.js:1)

  phantomjs://platform/console++.js:263 in error
